11111111111.txt
bootx.py
class_jt.py
conf.json
demo_chain.py
demo_class.py
demo_cp.py
demo_dic.py
demo_dir.py
demo_file.py
demo_file_dir.py
demo_file_move(2).py
demo_file_move.py
demo_ftp.py
demo_getitem.py
demo_io.py
demo_json.py
demo_json2obj.py
demo_main.py
demo_multiprocessing.py
demo_oop.py
demo_pick.py
demo_process.py
demo_process2.py
demo_process_pool.py
demo_proc_pool.py
demo_property.py
demo_re.py
demo_regular.py
demo_slots.py
demo_thread.py
demo_thread2.py
demo_wx.py
Helper.py
jt.py
pojo_proce.py
pri.py
QR.png
Std.py
std1.py
test.py
build_local_20190427.log
